Loaded plugins: product-id, rhui-lb, search-disabled-repos, subscription-manager
This system is not registered to Red Hat Subscription Management. You can use subscription-manager to register.
RHSA-2016:2581              Low/Sec.       NetworkManager-1:1.4.0-12.el7.x86_64
RHSA-2016:2581              Low/Sec.       NetworkManager-config-server-1:1.4.0-12.el7.x86_64
RHSA-2016:2581              Low/Sec.       NetworkManager-libnm-1:1.4.0-12.el7.x86_64
RHSA-2016:2581              Low/Sec.       NetworkManager-team-1:1.4.0-12.el7.x86_64
RHSA-2016:2581              Low/Sec.       NetworkManager-tui-1:1.4.0-12.el7.x86_64
FEDORA-EPEL-2017-e0d424c073 security       ansible-2.3.0.0-3.el7.noarch
RHSA-2017:1095              Important/Sec. bind-libs-32:9.9.4-38.el7_3.3.x86_64
RHSA-2017:1095              Important/Sec. bind-libs-lite-32:9.9.4-38.el7_3.3.x86_64
RHSA-2017:1095              Important/Sec. bind-license-32:9.9.4-38.el7_3.3.noarch
RHSA-2017:1095              Important/Sec. bind-utils-32:9.9.4-38.el7_3.3.x86_64
RHSA-2016:2575              Moderate/Sec.  curl-7.29.0-35.el7.x86_64
RHSA-2016:2590              Moderate/Sec.  dhclient-12:4.2.5-47.el7.x86_64
RHSA-2016:2590              Moderate/Sec.  dhcp-common-12:4.2.5-47.el7.x86_64
RHSA-2016:2590              Moderate/Sec.  dhcp-libs-12:4.2.5-47.el7.x86_64
RHSA-2016:2824              Moderate/Sec.  expat-2.1.0-10.el7_3.x86_64
RHSA-2016:2597              Moderate/Sec.  firewalld-0.4.3.2-8.el7.noarch
RHSA-2017:1230              Important/Sec. ghostscript-9.07-20.el7_3.5.x86_64
RHSA-2016:2573              Low/Sec.       glibc-2.17-157.el7.x86_64
RHSA-2016:2573              Low/Sec.       glibc-common-2.17-157.el7.x86_64
RHSA-2017:1208              Important/Sec. jasper-libs-1.900.1-30.el7_3.x86_64
RHSA-2017:1204              Moderate/Sec.  java-1.7.0-openjdk-1:1.7.0.141-2.6.10.1.el7_3.x86_64
RHSA-2017:1204              Moderate/Sec.  java-1.7.0-openjdk-headless-1:1.7.0.141-2.6.10.1.el7_3.x86_64
RHSA-2016:1539              Important/Sec. kernel-3.10.0-327.28.2.el7.x86_64
RHSA-2016:1633              Important/Sec. kernel-3.10.0-327.28.3.el7.x86_64
RHSA-2016:1847              Important/Sec. kernel-3.10.0-327.36.1.el7.x86_64
RHSA-2016:2047              Important/Sec. kernel-3.10.0-327.36.2.el7.x86_64
RHSA-2016:2098              Important/Sec. kernel-3.10.0-327.36.3.el7.x86_64
RHSA-2016:2574              Important/Sec. kernel-3.10.0-514.el7.x86_64
RHSA-2017:0086              Important/Sec. kernel-3.10.0-514.6.1.el7.x86_64
RHSA-2017:0294              Important/Sec. kernel-3.10.0-514.6.2.el7.x86_64
RHSA-2017:0386              Important/Sec. kernel-3.10.0-514.10.2.el7.x86_64
RHSA-2017:0933              Important/Sec. kernel-3.10.0-514.16.1.el7.x86_64
RHSA-2016:1539              Important/Sec. kernel-tools-3.10.0-327.28.2.el7.x86_64
RHSA-2016:1633              Important/Sec. kernel-tools-3.10.0-327.28.3.el7.x86_64
RHSA-2016:1847              Important/Sec. kernel-tools-3.10.0-327.36.1.el7.x86_64
RHSA-2016:2047              Important/Sec. kernel-tools-3.10.0-327.36.2.el7.x86_64
RHSA-2016:2098              Important/Sec. kernel-tools-3.10.0-327.36.3.el7.x86_64
RHSA-2016:2574              Important/Sec. kernel-tools-3.10.0-514.el7.x86_64
RHSA-2017:0086              Important/Sec. kernel-tools-3.10.0-514.6.1.el7.x86_64
RHSA-2017:0294              Important/Sec. kernel-tools-3.10.0-514.6.2.el7.x86_64
RHSA-2017:0386              Important/Sec. kernel-tools-3.10.0-514.10.2.el7.x86_64
RHSA-2017:0933              Important/Sec. kernel-tools-3.10.0-514.16.1.el7.x86_64
RHSA-2016:1539              Important/Sec. kernel-tools-libs-3.10.0-327.28.2.el7.x86_64
RHSA-2016:1633              Important/Sec. kernel-tools-libs-3.10.0-327.28.3.el7.x86_64
RHSA-2016:1847              Important/Sec. kernel-tools-libs-3.10.0-327.36.1.el7.x86_64
RHSA-2016:2047              Important/Sec. kernel-tools-libs-3.10.0-327.36.2.el7.x86_64
RHSA-2016:2098              Important/Sec. kernel-tools-libs-3.10.0-327.36.3.el7.x86_64
RHSA-2016:2574              Important/Sec. kernel-tools-libs-3.10.0-514.el7.x86_64
RHSA-2017:0086              Important/Sec. kernel-tools-libs-3.10.0-514.6.1.el7.x86_64
RHSA-2017:0294              Important/Sec. kernel-tools-libs-3.10.0-514.6.2.el7.x86_64
RHSA-2017:0386              Important/Sec. kernel-tools-libs-3.10.0-514.10.2.el7.x86_64
RHSA-2017:0933              Important/Sec. kernel-tools-libs-3.10.0-514.16.1.el7.x86_64
RHSA-2016:2591              Low/Sec.       krb5-libs-1.14.1-26.el7.x86_64
RHSA-2016:2605              Low/Sec.       libblkid-2.23.2-33.el7.x86_64
RHSA-2017:0907              Moderate/Sec.  libblkid-2.23.2-33.el7_3.2.x86_64
RHSA-2016:2575              Moderate/Sec.  libcurl-7.29.0-35.el7.x86_64
RHSA-2016:2674              Moderate/Sec.  libgcrypt-1.5.3-13.el7_3.1.x86_64
RHSA-2016:2610              Moderate/Sec.  libgudev1-219-30.el7_3.3.x86_64
RHSA-2016:2605              Low/Sec.       libmount-2.23.2-33.el7.x86_64
RHSA-2017:0907              Moderate/Sec.  libmount-2.23.2-33.el7_3.2.x86_64
RHSA-2016:2581              Low/Sec.       libnl3-3.2.28-2.el7.x86_64
RHSA-2016:2581              Low/Sec.       libnl3-cli-3.2.28-2.el7.x86_64
RHSA-2016:2605              Low/Sec.       libuuid-2.23.2-33.el7.x86_64
RHSA-2017:0907              Moderate/Sec.  libuuid-2.23.2-33.el7_3.2.x86_64
RHSA-2016:1602              Important/Sec. mariadb-libs-1:5.5.50-1.el7_2.x86_64
RHSA-2016:2595              Important/Sec. mariadb-libs-1:5.5.52-1.el7.x86_64
RHSA-2016:2582              Moderate/Sec.  nettle-2.7.1-8.el7.x86_64
RHSA-2017:1100              Critical/Sec.  nss-3.28.4-1.0.el7_3.x86_64
RHSA-2017:1100              Critical/Sec.  nss-sysinit-3.28.4-1.0.el7_3.x86_64
RHSA-2017:1100              Critical/Sec.  nss-tools-3.28.4-1.0.el7_3.x86_64
RHSA-2017:1100              Critical/Sec.  nss-util-3.28.4-1.0.el7_3.x86_64
RHSA-2016:2588              Moderate/Sec.  openssh-6.6.1p1-31.el7.x86_64
RHSA-2016:2588              Moderate/Sec.  openssh-clients-6.6.1p1-31.el7.x86_64
RHSA-2016:2588              Moderate/Sec.  openssh-server-6.6.1p1-31.el7.x86_64
RHSA-2016:1940              Important/Sec. openssl-1:1.0.1e-51.el7_2.7.x86_64
RHSA-2017:0286              Moderate/Sec.  openssl-1:1.0.1e-60.el7_3.1.x86_64
RHSA-2016:1940              Important/Sec. openssl-libs-1:1.0.1e-51.el7_2.7.x86_64
RHSA-2017:0286              Moderate/Sec.  openssl-libs-1:1.0.1e-60.el7_3.1.x86_64
RHSA-2016:2702              Important/Sec. policycoreutils-2.5-9.el7.x86_64
RHSA-2016:1539              Important/Sec. python-perf-3.10.0-327.28.2.el7.x86_64
RHSA-2016:1633              Important/Sec. python-perf-3.10.0-327.28.3.el7.x86_64
RHSA-2016:1847              Important/Sec. python-perf-3.10.0-327.36.1.el7.x86_64
RHSA-2016:2047              Important/Sec. python-perf-3.10.0-327.36.2.el7.x86_64
RHSA-2016:2098              Important/Sec. python-perf-3.10.0-327.36.3.el7.x86_64
RHSA-2016:2574              Important/Sec. python-perf-3.10.0-514.el7.x86_64
RHSA-2017:0086              Important/Sec. python-perf-3.10.0-514.6.1.el7.x86_64
RHSA-2017:0294              Important/Sec. python-perf-3.10.0-514.6.2.el7.x86_64
RHSA-2017:0386              Important/Sec. python-perf-3.10.0-514.10.2.el7.x86_64
RHSA-2017:0933              Important/Sec. python-perf-3.10.0-514.16.1.el7.x86_64
RHSA-2016:2592              Moderate/Sec.  python-rhsm-1.17.9-1.el7.x86_64
RHSA-2016:2592              Moderate/Sec.  subscription-manager-1.17.15-1.el7.x86_64
RHSA-2016:2593              Low/Sec.       sudo-1.8.6p7-20.el7.x86_64
RHSA-2016:2872              Moderate/Sec.  sudo-1.8.6p7-21.el7_3.x86_64
RHSA-2016:2610              Moderate/Sec.  systemd-219-30.el7_3.3.x86_64
RHSA-2016:2610              Moderate/Sec.  systemd-libs-219-30.el7_3.3.x86_64
RHSA-2016:2610              Moderate/Sec.  systemd-sysv-219-30.el7_3.3.x86_64
RHSA-2016:2605              Low/Sec.       util-linux-2.23.2-33.el7.x86_64
RHSA-2017:0907              Moderate/Sec.  util-linux-2.23.2-33.el7_3.2.x86_64
RHSA-2016:2972              Moderate/Sec.  vim-minimal-2:7.4.160-1.el7_3.1.x86_64
updateinfo list done
